<?xml version="1.0" encoding="UTF-8"?>
<testsuite name="ShortestTests" tests="1" skipped="0" failures="0" errors="0" timestamp="2023-09-30T14:18:19" hostname="ENVYX3604K" time="0.006">
  <properties/>
  <testcase name="testSolution" classname="ShortestTests" time="0.006"/>
  <system-out><![CDATA[]]></system-out>
  <system-err><![CDATA[]]></system-err>
</testsuite>
