<?xml version="1.0" encoding="UTF-8"?>
<testsuite name="AverageTests" tests="1" skipped="0" failures="0" errors="0" timestamp="2023-09-30T19:08:21" hostname="ENVYX3604K" time="0.003">
  <properties/>
  <testcase name="testSolution" classname="AverageTests" time="0.003"/>
  <system-out><![CDATA[]]></system-out>
  <system-err><![CDATA[]]></system-err>
</testsuite>
